  IMA3D.cpp
IMA3D.cpp(294): warning C4244: '=': conversion from 'double' to 'int', possible loss of data
  volume.cpp
volume.cpp(144): warning C4018: '<': signed/unsigned mismatch
volume.cpp(145): warning C4018: '<': signed/unsigned mismatch
volume.cpp(146): warning C4018: '<': signed/unsigned mismatch
volume.cpp(154): warning C4018: '<': signed/unsigned mismatch
volume.cpp(155): warning C4018: '<': signed/unsigned mismatch
volume.cpp(156): warning C4018: '<': signed/unsigned mismatch
volume.cpp(263): warning C4244: 'initializing': conversion from 'unsigned short' to 'unsigned char', possible loss of data
volume.cpp(410): warning C4018: '<': signed/unsigned mismatch
volume.cpp(411): warning C4018: '<': signed/unsigned mismatch
volume.cpp(412): warning C4018: '<': signed/unsigned mismatch
volume.cpp(745): warning C4244: '=': conversion from 'double' to 'int', possible loss of data
volume.cpp(746): warning C4244: '=': conversion from 'double' to 'int', possible loss of data
volume.cpp(924): warning C4244: '=': conversion from 'int' to 'float', possible loss of data
volume.cpp(925): warning C4244: '=': conversion from 'int' to 'float', possible loss of data
volume.cpp(926): warning C4244: '=': conversion from 'int' to 'float', possible loss of data
  Generating code
  3 of 144 functions ( 2.1%) were compiled, the rest were copied from previous compilation.
    0 functions were new in current compilation
    1 functions had inline decision re-evaluated but remain unchanged
  Finished generating code
  IMA3D.vcxproj -> C:\Users\PoreSimPC_New\Downloads\IMA3d\IMA3d\x64\Release\IMA3D.exe
  IMA3D.vcxproj -> C:\Users\PoreSimPC_New\Downloads\IMA3d\IMA3d\x64\Release\IMA3D.pdb (Full PDB)
